2023-06-05 08:15%1%Inicio
2023-06-05 12:45%1%Mark: Antes del almuerzo
2023-06-05 13:19%1%Almuerzo
2023-06-05 14:35%1%BCSF: Llamada con Fer para ver bugs reportados
2023-06-05 15:32%1%Primhero: Planning
2023-06-05 15:34%1%Gestión: Llamada con Anthony por Code Review
2023-06-05 15:34%1%Calidad: Instructivos de Backup
2023-06-05 15:56%1%Calidad: Descripción de las tareas llamada con Alejo
2023-06-05 16:14%1%Calidad: Instructivos de Backup
2023-06-05 18:02%1%Syloper LT: Dockerizar proyecto primhero
2023-06-05 19:09%1%Syloper LT: Dockerizar proyecto primhero
2023-06-06 08:34%1%Inicio
2023-06-06 09:32%1%Gestión: Daily
2023-06-06 10:02%1%Gestión: Preparar la L10
2023-06-06 11:29%1%Gestión: L10 Meeting
2023-06-06 11:50%1%VEF: Llamada con Pame para ver la solución de la mejora de la carga Posiciones
2023-06-06 12:20%1%Gestión: Comunicación al equipo de lineamientos sobre horas y docker
2023-06-06 13:37%1%Break
2023-06-06 14:22%1%Gestión: Dockerización del proyecto primhero
2023-06-06 14:30%1%Innpactia: estimación de proyecto
2023-06-06 15:00%1%Calidad: Llamda con Flor
2023-06-06 15:30%1%BCSF: Reunion semanal con el cliente
2023-06-06 16:00%1%Rubies: Chat con GonzaC para la edición de mezclas
2023-06-06 17:23%1%BKL Intranet - Estimación extra
2023-06-07 08:37%1686137850%Inicio
2023-06-07 09:20%1686141066%Gestión: Daily
2023-06-07 10:11%1686143500%LT Tasks: Generar un instructivo para realizar copias de seguridad de los proyectos Wordpress
2023-06-07 12:07%1686150459%BCSF: Ayuda a Fer para corregir bugs reportados en módulo Bayer
2023-06-07 12:34%1686152072%Gestión: Leer documentación sobre documentación + Definiciones de Scanmed
2023-06-07 13:16%1686154579%Gestión: Code Review
2023-06-07 14:10%1686157857%Almuerzo
2023-06-07 14:49%1686160198%Innpactia: Estimación de proyecto
2023-06-07 16:21%1686165706%Backlab: Branching model
2023-06-07 17:25%1686169548%Gestión: Code Review
2023-06-07 17:26%1686169565%Calidad: Documentar backups de Wordpress
2023-06-08 08:30%1686223800%Inicio
2023-06-08 09:22%1686226924%Gestión: Daily
2023-06-08 09:57%1686229022%Preparación Call Newsreadeck
2023-06-08 10:36%1686231388%Call con Newsreadeck
2023-06-08 11:25%1686234331%Gestión: Revisión de estado de tareas con el equipo
2023-06-08 12:01%1686236489%Sensor: Call con Gonza C sobre sobre Supervisor
2023-06-08 12:52%1686239559%Calidad: Armado del plan de backups
2023-06-08 13:56%1686243387%Almuerzo
2023-06-08 14:40%1686246027%Calidad: Armado del plan de backups
2023-06-08 14:49%1686246579%RRHH: Revisión doc de onboarding
2023-06-08 15:26%1686248760%Calidad: Armado del plan de backups
2023-06-08 16:27%1686252463%BCSF: Call con Fer para resolver bugs y recuperar cambios hechos por el cliente
2023-06-08 17:14%1686255291%RRHH: Evaluación candidato Carlos Soria
2023-06-09 08:50%1686310200%Inicio
2023-06-09 09:33%1686314000%Daily
2023-06-09 09:50%1686315011%VyV: Estimación puesta en prod
2023-06-09 10:50%1686318643%Gestión: Revisión de repositorios
2023-06-09 11:48%1686322116%Gestión: Revisión de proyecto, canales, repos
2023-06-09 13:15%1686327343%RRHH: Evaluación técnica candidato Carlos Soria
2023-06-09 14:15%1686330907%Almuerzo
2023-06-09 14:41%1686332506%Gestión: call con Fer revisar ramas de BCSF + revisión proyectos
2023-06-09 16:21%1686338461%RRHH: Entrevista técnica Carlos Soria
2023-06-12 08:21%1686568912%Inicio
2023-06-12 09:10%1686571800%Gestión: Daily
2023-06-12 10:00%1686574800%RRHH: Bienvenida Nahuel
2023-06-12 10:42%1686577337%Gestión: Plan de backup para gitlab
2023-06-12 13:00%1686585600%Gestión: Onboarding Nahuel
2023-06-12 13:30%1686587400%Almuerzo
2023-06-12 14:30%1686591000%Gestión: Documentar copias de seguridad de Gitlab
2023-06-12 15:00%1686592800%Gestión: CodeReview
2023-06-12 16:30%1686598200%Scanmed: Planning Sprint 5
2023-06-12 17:00%1686600000%Gestión: Onboarding Nahuel
